{"D:\\Projects\\Andela\\Mybrand-BE\\src\\index.ts": {"path":"D:\\Projects\\Andela\\Mybrand-BE\\src\\index.ts","statementMap":{"0":{"start":{"line":1,"column":0},"end":{"line":1,"column":42}},"1":{"start":{"line":2,"column":0},"end":{"line":2,"column":30}},"2":{"start":{"line":3,"column":0},"end":{"line":3,"column":32}},"3":{"start":{"line":5,"column":0},"end":{"line":5,"column":37}},"4":{"start":{"line":6,"column":25},"end":{"line":6,"column":34}},"5":{"start":{"line":7,"column":4},"end":{"line":7,"column":31}},"6":{"start":{"line":8,"column":4},"end":{"line":8,"column":35}},"7":{"start":{"line":9,"column":4},"end":{"line":9,"column":54}},"8":{"start":{"line":10,"column":4},"end":{"line":10,"column":28}},"9":{"start":{"line":11,"column":4},"end":{"line":11,"column":28}},"10":{"start":{"line":13,"column":4},"end":{"line":20,"column":3}},"11":{"start":{"line":14,"column":7},"end":{"line":16,"column":10}},"12":{"start":{"line":15,"column":6},"end":{"line":15,"column":41}},"13":{"start":{"line":19,"column":4},"end":{"line":19,"column":55}},"14":{"start":{"line":21,"column":2},"end":{"line":21,"column":21}}},"fnMap":{"0":{"name":"(anonymous_1)","decl":{"start":{"line":14,"column":24},"end":{"line":14,"column":27}},"loc":{"start":{"line":14,"column":29},"end":{"line":16,"column":8}}}},"branchMap":{},"s":{"0":1,"1":1,"2":1,"3":1,"4":1,"5":1,"6":1,"7":1,"8":1,"9":1,"10":1,"11":1,"12":1,"13":0,"14":1},"f":{"0":1},"b":{}}
,"D:\\Projects\\Andela\\Mybrand-BE\\src\\routes.ts": {"path":"D:\\Projects\\Andela\\Mybrand-BE\\src\\routes.ts","statementMap":{"0":{"start":{"line":1,"column":0},"end":{"line":1,"column":53}},"1":{"start":{"line":3,"column":0},"end":{"line":3,"column":53}},"2":{"start":{"line":4,"column":0},"end":{"line":4,"column":62}},"3":{"start":{"line":5,"column":0},"end":{"line":5,"column":68}},"4":{"start":{"line":6,"column":0},"end":{"line":6,"column":49}},"5":{"start":{"line":7,"column":0},"end":{"line":7,"column":37}},"6":{"start":{"line":9,"column":0},"end":{"line":9,"column":70}},"7":{"start":{"line":10,"column":15},"end":{"line":10,"column":31}},"8":{"start":{"line":12,"column":0},"end":{"line":12,"column":41}},"9":{"start":{"line":14,"column":0},"end":{"line":15,"column":46}},"10":{"start":{"line":17,"column":0},"end":{"line":17,"column":49}},"11":{"start":{"line":19,"column":0},"end":{"line":19,"column":95}},"12":{"start":{"line":21,"column":0},"end":{"line":21,"column":96}},"13":{"start":{"line":23,"column":0},"end":{"line":23,"column":60}},"14":{"start":{"line":25,"column":0},"end":{"line":25,"column":60}},"15":{"start":{"line":27,"column":0},"end":{"line":27,"column":66}},"16":{"start":{"line":29,"column":0},"end":{"line":29,"column":64}},"17":{"start":{"line":31,"column":0},"end":{"line":31,"column":66}},"18":{"start":{"line":33,"column":0},"end":{"line":33,"column":56}},"19":{"start":{"line":35,"column":0},"end":{"line":35,"column":56}},"20":{"start":{"line":37,"column":0},"end":{"line":37,"column":61}},"21":{"start":{"line":39,"column":0},"end":{"line":39,"column":55}},"22":{"start":{"line":41,"column":0},"end":{"line":41,"column":53}},"23":{"start":{"line":43,"column":0},"end":{"line":43,"column":59}},"24":{"start":{"line":47,"column":0},"end":{"line":47,"column":61}},"25":{"start":{"line":49,"column":0},"end":{"line":49,"column":32}},"26":{"start":{"line":51,"column":0},"end":{"line":51,"column":28}},"27":{"start":{"line":53,"column":0},"end":{"line":53,"column":84}},"28":{"start":{"line":55,"column":0},"end":{"line":58,"column":null}},"29":{"start":{"line":56,"column":14},"end":{"line":56,"column":28}},"30":{"start":{"line":57,"column":3},"end":{"line":57,"column":17}},"31":{"start":{"line":59,"column":0},"end":{"line":59,"column":22}}},"fnMap":{"0":{"name":"(anonymous_7)","decl":{"start":{"line":55,"column":43},"end":{"line":55,"column":44}},"loc":{"start":{"line":55,"column":60},"end":{"line":58,"column":1}}}},"branchMap":{"0":{"loc":{"start":{"line":56,"column":14},"end":{"line":56,"column":28}},"type":"cond-expr","locations":[{"start":{"line":56,"column":22},"end":{"line":56,"column":24}},{"start":{"line":56,"column":22},"end":{"line":56,"column":28}}]},"1":{"loc":{"start":{"line":56,"column":14},"end":{"line":56,"column":24}},"type":"binary-expr","locations":[{"start":{"line":56,"column":14},"end":{"line":56,"column":24}},{"start":{"line":56,"column":22},"end":{"line":56,"column":24}}]}},"s":{"0":1,"1":1,"2":1,"3":1,"4":1,"5":1,"6":1,"7":1,"8":1,"9":1,"10":1,"11":1,"12":1,"13":1,"14":1,"15":1,"16":1,"17":1,"18":1,"19":1,"20":1,"21":1,"22":1,"23":1,"24":1,"25":1,"26":1,"27":1,"28":1,"29":0,"30":0,"31":1},"f":{"0":0},"b":{"0":[0,0],"1":[0,0]}}
,"D:\\Projects\\Andela\\Mybrand-BE\\src\\authentication\\login.ts": {"path":"D:\\Projects\\Andela\\Mybrand-BE\\src\\authentication\\login.ts","statementMap":{"0":{"start":{"line":1,"column":0},"end":{"line":1,"column":30}},"1":{"start":{"line":3,"column":0},"end":{"line":3,"column":36}},"2":{"start":{"line":8,"column":0},"end":{"line":8,"column":34}},"3":{"start":{"line":9,"column":0},"end":{"line":9,"column":53}},"4":{"start":{"line":49,"column":23},"end":{"line":69,"column":null}},"5":{"start":{"line":49,"column":58},"end":{"line":69,"column":null}},"6":{"start":{"line":50,"column":39},"end":{"line":50,"column":47}},"7":{"start":{"line":51,"column":23},"end":{"line":51,"column":56}},"8":{"start":{"line":52,"column":3},"end":{"line":55,"column":4}},"9":{"start":{"line":53,"column":16},"end":{"line":53,"column":41}},"10":{"start":{"line":54,"column":4},"end":{"line":54,"column":40}},"11":{"start":{"line":56,"column":17},"end":{"line":56,"column":50}},"12":{"start":{"line":57,"column":3},"end":{"line":57,"column":45}},"13":{"start":{"line":57,"column":13},"end":{"line":57,"column":45}},"14":{"start":{"line":59,"column":25},"end":{"line":59,"column":55}},"15":{"start":{"line":60,"column":18},"end":{"line":64,"column":6}},"16":{"start":{"line":65,"column":4},"end":{"line":68,"column":5}},"17":{"start":{"line":66,"column":4},"end":{"line":66,"column":25}},"18":{"start":{"line":67,"column":3},"end":{"line":67,"column":51}},"19":{"start":{"line":49,"column":13},"end":{"line":49,"column":23}},"20":{"start":{"line":70,"column":20},"end":{"line":95,"column":null}},"21":{"start":{"line":70,"column":73},"end":{"line":95,"column":null}},"22":{"start":{"line":71,"column":4},"end":{"line":94,"column":1}},"23":{"start":{"line":72,"column":29},"end":{"line":72,"column":37}},"24":{"start":{"line":74,"column":16},"end":{"line":74,"column":49}},"25":{"start":{"line":75,"column":20},"end":{"line":75,"column":34}},"26":{"start":{"line":76,"column":13},"end":{"line":76,"column":22}},"27":{"start":{"line":77,"column":4},"end":{"line":79,"column":5}},"28":{"start":{"line":78,"column":8},"end":{"line":78,"column":45}},"29":{"start":{"line":80,"column":25},"end":{"line":80,"column":49}},"30":{"start":{"line":81,"column":20},"end":{"line":81,"column":66}},"31":{"start":{"line":82,"column":4},"end":{"line":90,"column":5}},"32":{"start":{"line":83,"column":17},"end":{"line":83,"column":60}},"33":{"start":{"line":84,"column":8},"end":{"line":84,"column":55}},"34":{"start":{"line":85,"column":8},"end":{"line":85,"column":80}},"35":{"start":{"line":88,"column":8},"end":{"line":88,"column":55}},"36":{"start":{"line":89,"column":8},"end":{"line":89,"column":15}},"37":{"start":{"line":93,"column":4},"end":{"line":93,"column":20}},"38":{"start":{"line":70,"column":13},"end":{"line":70,"column":20}},"39":{"start":{"line":96,"column":26},"end":{"line":103,"column":null}},"40":{"start":{"line":96,"column":79},"end":{"line":103,"column":null}},"41":{"start":{"line":98,"column":18},"end":{"line":98,"column":39}},"42":{"start":{"line":99,"column":4},"end":{"line":102,"column":3}},"43":{"start":{"line":96,"column":13},"end":{"line":96,"column":26}}},"fnMap":{"0":{"name":"(anonymous_14)","decl":{"start":{"line":49,"column":23},"end":{"line":49,"column":29}},"loc":{"start":{"line":49,"column":58},"end":{"line":69,"column":null}}},"1":{"name":"(anonymous_15)","decl":{"start":{"line":49,"column":58},"end":{"line":49,"column":null}},"loc":{"start":{"line":49,"column":58},"end":{"line":69,"column":1}}},"2":{"name":"(anonymous_16)","decl":{"start":{"line":70,"column":20},"end":{"line":70,"column":26}},"loc":{"start":{"line":70,"column":73},"end":{"line":95,"column":null}}},"3":{"name":"(anonymous_17)","decl":{"start":{"line":70,"column":73},"end":{"line":70,"column":null}},"loc":{"start":{"line":70,"column":73},"end":{"line":95,"column":1}}},"4":{"name":"(anonymous_18)","decl":{"start":{"line":96,"column":26},"end":{"line":96,"column":32}},"loc":{"start":{"line":96,"column":79},"end":{"line":103,"column":null}}},"5":{"name":"(anonymous_19)","decl":{"start":{"line":96,"column":79},"end":{"line":96,"column":null}},"loc":{"start":{"line":96,"column":79},"end":{"line":103,"column":1}}}},"branchMap":{"0":{"loc":{"start":{"line":52,"column":3},"end":{"line":55,"column":4}},"type":"if","locations":[{"start":{"line":52,"column":3},"end":{"line":55,"column":4}}]},"1":{"loc":{"start":{"line":57,"column":3},"end":{"line":57,"column":45}},"type":"if","locations":[{"start":{"line":57,"column":3},"end":{"line":57,"column":45}}]},"2":{"loc":{"start":{"line":65,"column":4},"end":{"line":68,"column":5}},"type":"if","locations":[{"start":{"line":65,"column":4},"end":{"line":68,"column":5}}]},"3":{"loc":{"start":{"line":75,"column":20},"end":{"line":75,"column":34}},"type":"cond-expr","locations":[{"start":{"line":75,"column":24},"end":{"line":75,"column":26}},{"start":{"line":75,"column":20},"end":{"line":75,"column":34}}]},"4":{"loc":{"start":{"line":75,"column":20},"end":{"line":75,"column":26}},"type":"binary-expr","locations":[{"start":{"line":75,"column":20},"end":{"line":75,"column":26}},{"start":{"line":75,"column":20},"end":{"line":75,"column":26}}]},"5":{"loc":{"start":{"line":76,"column":13},"end":{"line":76,"column":22}},"type":"cond-expr","locations":[{"start":{"line":76,"column":17},"end":{"line":76,"column":19}},{"start":{"line":76,"column":13},"end":{"line":76,"column":22}}]},"6":{"loc":{"start":{"line":76,"column":13},"end":{"line":76,"column":19}},"type":"binary-expr","locations":[{"start":{"line":76,"column":13},"end":{"line":76,"column":19}},{"start":{"line":76,"column":13},"end":{"line":76,"column":19}}]},"7":{"loc":{"start":{"line":77,"column":4},"end":{"line":79,"column":5}},"type":"if","locations":[{"start":{"line":77,"column":4},"end":{"line":79,"column":5}}]},"8":{"loc":{"start":{"line":80,"column":25},"end":{"line":80,"column":49}},"type":"cond-expr","locations":[{"start":{"line":80,"column":29},"end":{"line":80,"column":31}},{"start":{"line":80,"column":25},"end":{"line":80,"column":49}}]},"9":{"loc":{"start":{"line":80,"column":25},"end":{"line":80,"column":31}},"type":"binary-expr","locations":[{"start":{"line":80,"column":25},"end":{"line":80,"column":31}},{"start":{"line":80,"column":25},"end":{"line":80,"column":31}}]},"10":{"loc":{"start":{"line":82,"column":4},"end":{"line":90,"column":5}},"type":"if","locations":[{"start":{"line":82,"column":4},"end":{"line":90,"column":5}},{"start":{"line":87,"column":8},"end":{"line":90,"column":5}}]}},"s":{"0":1,"1":1,"2":1,"3":1,"4":1,"5":0,"6":0,"7":0,"8":0,"9":0,"10":0,"11":0,"12":0,"13":0,"14":0,"15":0,"16":0,"17":0,"18":0,"19":1,"20":1,"21":3,"22":3,"23":3,"24":3,"25":3,"26":3,"27":3,"28":2,"29":1,"30":1,"31":1,"32":1,"33":1,"34":1,"35":0,"36":0,"37":2,"38":1,"39":1,"40":0,"41":0,"42":0,"43":1},"f":{"0":0,"1":0,"2":3,"3":3,"4":0,"5":0},"b":{"0":[0],"1":[0],"2":[0],"3":[2,1],"4":[3,1],"5":[2,1],"6":[3,1],"7":[2],"8":[0,1],"9":[1,1],"10":[1,0]}}
,"D:\\Projects\\Andela\\Mybrand-BE\\src\\authentication\\passport.ts": {"path":"D:\\Projects\\Andela\\Mybrand-BE\\src\\authentication\\passport.ts","statementMap":{"0":{"start":{"line":1,"column":0},"end":{"line":1,"column":32}},"1":{"start":{"line":2,"column":0},"end":{"line":2,"column":70}},"2":{"start":{"line":3,"column":0},"end":{"line":3,"column":45}},"3":{"start":{"line":5,"column":19},"end":{"line":5,"column":31}},"4":{"start":{"line":7,"column":16},"end":{"line":10,"column":2}},"5":{"start":{"line":12,"column":17},"end":{"line":25,"column":2}},"6":{"start":{"line":14,"column":2},"end":{"line":24,"column":7}},"7":{"start":{"line":16,"column":6},"end":{"line":20,"column":7}},"8":{"start":{"line":17,"column":8},"end":{"line":17,"column":35}},"9":{"start":{"line":19,"column":8},"end":{"line":19,"column":33}},"10":{"start":{"line":23,"column":6},"end":{"line":23,"column":22}},"11":{"start":{"line":27,"column":0},"end":{"line":27,"column":23}},"12":{"start":{"line":29,"column":0},"end":{"line":29,"column":24}}},"fnMap":{"0":{"name":"(anonymous_1)","decl":{"start":{"line":12,"column":39},"end":{"line":12,"column":40}},"loc":{"start":{"line":12,"column":57},"end":{"line":25,"column":1}}},"1":{"name":"(anonymous_2)","decl":{"start":{"line":15,"column":10},"end":{"line":15,"column":11}},"loc":{"start":{"line":15,"column":19},"end":{"line":21,"column":5}}},"2":{"name":"(anonymous_3)","decl":{"start":{"line":22,"column":11},"end":{"line":22,"column":12}},"loc":{"start":{"line":22,"column":19},"end":{"line":24,"column":5}}}},"branchMap":{"0":{"loc":{"start":{"line":16,"column":6},"end":{"line":20,"column":7}},"type":"if","locations":[{"start":{"line":16,"column":6},"end":{"line":20,"column":7}},{"start":{"line":18,"column":13},"end":{"line":20,"column":7}}]}},"s":{"0":1,"1":1,"2":1,"3":1,"4":1,"5":1,"6":4,"7":4,"8":4,"9":0,"10":0,"11":1,"12":1},"f":{"0":4,"1":4,"2":0},"b":{"0":[4,0]}}
,"D:\\Projects\\Andela\\Mybrand-BE\\src\\config\\multer.ts": {"path":"D:\\Projects\\Andela\\Mybrand-BE\\src\\config\\multer.ts","statementMap":{"0":{"start":{"line":1,"column":0},"end":{"line":1,"column":28}},"1":{"start":{"line":2,"column":15},"end":{"line":9,"column":2}},"2":{"start":{"line":7,"column":8},"end":{"line":7,"column":null}},"3":{"start":{"line":10,"column":18},"end":{"line":16,"column":1}},"4":{"start":{"line":11,"column":4},"end":{"line":15,"column":5}},"5":{"start":{"line":12,"column":8},"end":{"line":12,"column":null}},"6":{"start":{"line":14,"column":8},"end":{"line":14,"column":null}},"7":{"start":{"line":17,"column":14},"end":{"line":21,"column":2}},"8":{"start":{"line":22,"column":0},"end":{"line":22,"column":22}}},"fnMap":{"0":{"name":"(anonymous_1)","decl":{"start":{"line":6,"column":14},"end":{"line":6,"column":23}},"loc":{"start":{"line":6,"column":36},"end":{"line":8,"column":5}}},"1":{"name":"(anonymous_2)","decl":{"start":{"line":10,"column":18},"end":{"line":10,"column":19}},"loc":{"start":{"line":10,"column":45},"end":{"line":16,"column":1}}}},"branchMap":{"0":{"loc":{"start":{"line":11,"column":4},"end":{"line":15,"column":5}},"type":"if","locations":[{"start":{"line":11,"column":4},"end":{"line":15,"column":5}},{"start":{"line":13,"column":9},"end":{"line":15,"column":5}}]},"1":{"loc":{"start":{"line":11,"column":7},"end":{"line":11,"column":70}},"type":"binary-expr","locations":[{"start":{"line":11,"column":7},"end":{"line":11,"column":37}},{"start":{"line":11,"column":41},"end":{"line":11,"column":70}}]}},"s":{"0":1,"1":1,"2":0,"3":1,"4":0,"5":0,"6":0,"7":1,"8":1},"f":{"0":0,"1":0},"b":{"0":[0,0],"1":[0,0]}}
,"D:\\Projects\\Andela\\Mybrand-BE\\src\\controller\\controller.ts": {"path":"D:\\Projects\\Andela\\Mybrand-BE\\src\\controller\\controller.ts","statementMap":{"0":{"start":{"line":2,"column":0},"end":{"line":2,"column":34}},"1":{"start":{"line":3,"column":0},"end":{"line":3,"column":40}},"2":{"start":{"line":4,"column":0},"end":{"line":4,"column":45}},"3":{"start":{"line":6,"column":0},"end":{"line":6,"column":72}},"4":{"start":{"line":9,"column":24},"end":{"line":16,"column":2}},"5":{"start":{"line":9,"column":62},"end":{"line":16,"column":2}},"6":{"start":{"line":10,"column":4},"end":{"line":15,"column":7}},"7":{"start":{"line":11,"column":22},"end":{"line":11,"column":39}},"8":{"start":{"line":12,"column":8},"end":{"line":12,"column":24}},"9":{"start":{"line":14,"column":8},"end":{"line":14,"column":56}},"10":{"start":{"line":9,"column":13},"end":{"line":9,"column":24}},"11":{"start":{"line":18,"column":26},"end":{"line":45,"column":2}},"12":{"start":{"line":18,"column":64},"end":{"line":45,"column":2}},"13":{"start":{"line":19,"column":4},"end":{"line":44,"column":7}},"14":{"start":{"line":20,"column":17},"end":{"line":20,"column":41}},"15":{"start":{"line":22,"column":21},"end":{"line":27,"column":10}},"16":{"start":{"line":28,"column":23},"end":{"line":32,"column":null}},"17":{"start":{"line":33,"column":24},"end":{"line":33,"column":48}},"18":{"start":{"line":34,"column":8},"end":{"line":37,"column":9}},"19":{"start":{"line":35,"column":10},"end":{"line":35,"column":54}},"20":{"start":{"line":36,"column":10},"end":{"line":36,"column":17}},"21":{"start":{"line":38,"column":8},"end":{"line":38,"column":26}},"22":{"start":{"line":39,"column":8},"end":{"line":39,"column":72}},"23":{"start":{"line":42,"column":8},"end":{"line":42,"column":59}},"24":{"start":{"line":43,"column":8},"end":{"line":43,"column":27}},"25":{"start":{"line":18,"column":13},"end":{"line":18,"column":26}},"26":{"start":{"line":47,"column":27},"end":{"line":60,"column":2}},"27":{"start":{"line":47,"column":65},"end":{"line":60,"column":2}},"28":{"start":{"line":48,"column":4},"end":{"line":59,"column":7}},"29":{"start":{"line":49,"column":19},"end":{"line":49,"column":61}},"30":{"start":{"line":51,"column":8},"end":{"line":54,"column":9}},"31":{"start":{"line":52,"column":10},"end":{"line":52,"column":60}},"32":{"start":{"line":53,"column":10},"end":{"line":53,"column":17}},"33":{"start":{"line":55,"column":8},"end":{"line":55,"column":23}},"34":{"start":{"line":57,"column":8},"end":{"line":57,"column":56}},"35":{"start":{"line":58,"column":8},"end":{"line":58,"column":27}},"36":{"start":{"line":47,"column":13},"end":{"line":47,"column":27}},"37":{"start":{"line":62,"column":26},"end":{"line":87,"column":2}},"38":{"start":{"line":62,"column":64},"end":{"line":87,"column":2}},"39":{"start":{"line":63,"column":2},"end":{"line":86,"column":3}},"40":{"start":{"line":64,"column":17},"end":{"line":64,"column":30}},"41":{"start":{"line":65,"column":19},"end":{"line":65,"column":42}},"42":{"start":{"line":66,"column":6},"end":{"line":69,"column":7}},"43":{"start":{"line":67,"column":10},"end":{"line":67,"column":60}},"44":{"start":{"line":68,"column":10},"end":{"line":68,"column":17}},"45":{"start":{"line":70,"column":6},"end":{"line":72,"column":7}},"46":{"start":{"line":71,"column":10},"end":{"line":71,"column":38}},"47":{"start":{"line":73,"column":6},"end":{"line":75,"column":7}},"48":{"start":{"line":74,"column":10},"end":{"line":74,"column":42}},"49":{"start":{"line":76,"column":6},"end":{"line":80,"column":7}},"50":{"start":{"line":77,"column":23},"end":{"line":77,"column":47}},"51":{"start":{"line":78,"column":25},"end":{"line":78,"column":63}},"52":{"start":{"line":79,"column":10},"end":{"line":79,"column":42}},"53":{"start":{"line":81,"column":6},"end":{"line":81,"column":24}},"54":{"start":{"line":82,"column":6},"end":{"line":82,"column":75}},"55":{"start":{"line":84,"column":6},"end":{"line":84,"column":54}},"56":{"start":{"line":85,"column":6},"end":{"line":85,"column":25}},"57":{"start":{"line":62,"column":13},"end":{"line":62,"column":26}},"58":{"start":{"line":90,"column":26},"end":{"line":101,"column":2}},"59":{"start":{"line":90,"column":64},"end":{"line":101,"column":2}},"60":{"start":{"line":91,"column":4},"end":{"line":100,"column":7}},"61":{"start":{"line":92,"column":28},"end":{"line":92,"column":72}},"62":{"start":{"line":93,"column":8},"end":{"line":96,"column":9}},"63":{"start":{"line":94,"column":10},"end":{"line":94,"column":60}},"64":{"start":{"line":95,"column":10},"end":{"line":95,"column":17}},"65":{"start":{"line":97,"column":8},"end":{"line":97,"column":69}},"66":{"start":{"line":99,"column":8},"end":{"line":99,"column":56}},"67":{"start":{"line":90,"column":13},"end":{"line":90,"column":26}},"68":{"start":{"line":102,"column":27},"end":{"line":123,"column":null}},"69":{"start":{"line":102,"column":60},"end":{"line":123,"column":null}},"70":{"start":{"line":103,"column":2},"end":{"line":122,"column":3}},"71":{"start":{"line":104,"column":19},"end":{"line":104,"column":55}},"72":{"start":{"line":105,"column":4},"end":{"line":118,"column":3}},"73":{"start":{"line":106,"column":6},"end":{"line":106,"column":53}},"74":{"start":{"line":107,"column":6},"end":{"line":107,"column":13}},"75":{"start":{"line":110,"column":19},"end":{"line":115,"column":6}},"76":{"start":{"line":116,"column":4},"end":{"line":116,"column":25}},"77":{"start":{"line":117,"column":4},"end":{"line":117,"column":22}},"78":{"start":{"line":121,"column":4},"end":{"line":121,"column":55}},"79":{"start":{"line":102,"column":13},"end":{"line":102,"column":27}},"80":{"start":{"line":124,"column":29},"end":{"line":131,"column":2}},"81":{"start":{"line":124,"column":63},"end":{"line":131,"column":2}},"82":{"start":{"line":125,"column":2},"end":{"line":130,"column":3}},"83":{"start":{"line":126,"column":20},"end":{"line":126,"column":40}},"84":{"start":{"line":127,"column":4},"end":{"line":127,"column":23}},"85":{"start":{"line":129,"column":4},"end":{"line":129,"column":48}},"86":{"start":{"line":124,"column":13},"end":{"line":124,"column":29}},"87":{"start":{"line":133,"column":28},"end":{"line":146,"column":null}},"88":{"start":{"line":133,"column":63},"end":{"line":146,"column":null}},"89":{"start":{"line":134,"column":2},"end":{"line":145,"column":3}},"90":{"start":{"line":135,"column":20},"end":{"line":135,"column":64}},"91":{"start":{"line":136,"column":4},"end":{"line":142,"column":5}},"92":{"start":{"line":137,"column":6},"end":{"line":137,"column":58}},"93":{"start":{"line":138,"column":6},"end":{"line":138,"column":13}},"94":{"start":{"line":141,"column":4},"end":{"line":141,"column":68}},"95":{"start":{"line":144,"column":4},"end":{"line":144,"column":null}},"96":{"start":{"line":133,"column":13},"end":{"line":133,"column":28}},"97":{"start":{"line":147,"column":29},"end":{"line":160,"column":null}},"98":{"start":{"line":147,"column":64},"end":{"line":160,"column":null}},"99":{"start":{"line":148,"column":2},"end":{"line":159,"column":3}},"100":{"start":{"line":149,"column":20},"end":{"line":149,"column":62}},"101":{"start":{"line":150,"column":4},"end":{"line":156,"column":5}},"102":{"start":{"line":151,"column":6},"end":{"line":151,"column":58}},"103":{"start":{"line":152,"column":6},"end":{"line":152,"column":13}},"104":{"start":{"line":155,"column":4},"end":{"line":155,"column":22}},"105":{"start":{"line":158,"column":4},"end":{"line":158,"column":null}},"106":{"start":{"line":147,"column":13},"end":{"line":147,"column":29}},"107":{"start":{"line":162,"column":28},"end":{"line":196,"column":null}},"108":{"start":{"line":162,"column":62},"end":{"line":196,"column":null}},"109":{"start":{"line":163,"column":2},"end":{"line":194,"column":3}},"110":{"start":{"line":164,"column":17},"end":{"line":164,"column":30}},"111":{"start":{"line":165,"column":28},"end":{"line":165,"column":36}},"112":{"start":{"line":166,"column":1},"end":{"line":168,"column":2}},"113":{"start":{"line":167,"column":2},"end":{"line":167,"column":58}},"114":{"start":{"line":169,"column":13},"end":{"line":169,"column":40}},"115":{"start":{"line":170,"column":2},"end":{"line":173,"column":1}},"116":{"start":{"line":172,"column":2},"end":{"line":172,"column":52}},"117":{"start":{"line":175,"column":20},"end":{"line":179,"column":4}},"118":{"start":{"line":180,"column":2},"end":{"line":180,"column":34}},"119":{"start":{"line":181,"column":16},"end":{"line":181,"column":43}},"120":{"start":{"line":182,"column":2},"end":{"line":185,"column":3}},"121":{"start":{"line":183,"column":4},"end":{"line":183,"column":49}},"122":{"start":{"line":184,"column":4},"end":{"line":184,"column":11}},"123":{"start":{"line":186,"column":2},"end":{"line":186,"column":21}},"124":{"start":{"line":187,"column":2},"end":{"line":190,"column":null}},"125":{"start":{"line":192,"column":4},"end":{"line":192,"column":23}},"126":{"start":{"line":193,"column":4},"end":{"line":193,"column":53}},"127":{"start":{"line":162,"column":13},"end":{"line":162,"column":28}},"128":{"start":{"line":197,"column":26},"end":{"line":200,"column":null}},"129":{"start":{"line":197,"column":60},"end":{"line":200,"column":null}},"130":{"start":{"line":198,"column":18},"end":{"line":198,"column":38}},"131":{"start":{"line":197,"column":13},"end":{"line":197,"column":26}},"132":{"start":{"line":201,"column":29},"end":{"line":219,"column":null}},"133":{"start":{"line":201,"column":63},"end":{"line":219,"column":null}},"134":{"start":{"line":202,"column":2},"end":{"line":217,"column":3}},"135":{"start":{"line":203,"column":20},"end":{"line":203,"column":62}},"136":{"start":{"line":204,"column":33},"end":{"line":204,"column":41}},"137":{"start":{"line":205,"column":2},"end":{"line":207,"column":3}},"138":{"start":{"line":206,"column":4},"end":{"line":206,"column":63}},"139":{"start":{"line":208,"column":2},"end":{"line":208,"column":33}},"140":{"start":{"line":208,"column":12},"end":{"line":208,"column":33}},"141":{"start":{"line":209,"column":2},"end":{"line":209,"column":30}},"142":{"start":{"line":209,"column":11},"end":{"line":209,"column":30}},"143":{"start":{"line":210,"column":2},"end":{"line":210,"column":40}},"144":{"start":{"line":210,"column":15},"end":{"line":210,"column":40}},"145":{"start":{"line":211,"column":4},"end":{"line":211,"column":20}},"146":{"start":{"line":213,"column":4},"end":{"line":213,"column":61}},"147":{"start":{"line":216,"column":4},"end":{"line":216,"column":null}},"148":{"start":{"line":201,"column":13},"end":{"line":201,"column":29}}},"fnMap":{"0":{"name":"(anonymous_8)","decl":{"start":{"line":9,"column":24},"end":{"line":9,"column":31}},"loc":{"start":{"line":9,"column":62},"end":{"line":16,"column":2}}},"1":{"name":"(anonymous_9)","decl":{"start":{"line":9,"column":62},"end":{"line":9,"column":null}},"loc":{"start":{"line":9,"column":62},"end":{"line":16,"column":1}}},"2":{"name":"(anonymous_10)","decl":{"start":{"line":18,"column":26},"end":{"line":18,"column":33}},"loc":{"start":{"line":18,"column":64},"end":{"line":45,"column":2}}},"3":{"name":"(anonymous_11)","decl":{"start":{"line":18,"column":64},"end":{"line":18,"column":null}},"loc":{"start":{"line":18,"column":64},"end":{"line":45,"column":1}}},"4":{"name":"(anonymous_12)","decl":{"start":{"line":47,"column":27},"end":{"line":47,"column":34}},"loc":{"start":{"line":47,"column":65},"end":{"line":60,"column":2}}},"5":{"name":"(anonymous_13)","decl":{"start":{"line":47,"column":65},"end":{"line":47,"column":null}},"loc":{"start":{"line":47,"column":65},"end":{"line":60,"column":1}}},"6":{"name":"(anonymous_14)","decl":{"start":{"line":62,"column":26},"end":{"line":62,"column":33}},"loc":{"start":{"line":62,"column":64},"end":{"line":87,"column":2}}},"7":{"name":"(anonymous_15)","decl":{"start":{"line":62,"column":64},"end":{"line":62,"column":null}},"loc":{"start":{"line":62,"column":64},"end":{"line":87,"column":1}}},"8":{"name":"(anonymous_16)","decl":{"start":{"line":90,"column":26},"end":{"line":90,"column":33}},"loc":{"start":{"line":90,"column":64},"end":{"line":101,"column":2}}},"9":{"name":"(anonymous_17)","decl":{"start":{"line":90,"column":64},"end":{"line":90,"column":null}},"loc":{"start":{"line":90,"column":64},"end":{"line":101,"column":1}}},"10":{"name":"(anonymous_18)","decl":{"start":{"line":102,"column":27},"end":{"line":102,"column":33}},"loc":{"start":{"line":102,"column":60},"end":{"line":123,"column":null}}},"11":{"name":"(anonymous_19)","decl":{"start":{"line":102,"column":60},"end":{"line":102,"column":null}},"loc":{"start":{"line":102,"column":60},"end":{"line":123,"column":1}}},"12":{"name":"(anonymous_20)","decl":{"start":{"line":124,"column":29},"end":{"line":124,"column":35}},"loc":{"start":{"line":124,"column":63},"end":{"line":131,"column":2}}},"13":{"name":"(anonymous_21)","decl":{"start":{"line":124,"column":63},"end":{"line":124,"column":null}},"loc":{"start":{"line":124,"column":63},"end":{"line":131,"column":1}}},"14":{"name":"(anonymous_22)","decl":{"start":{"line":133,"column":28},"end":{"line":133,"column":34}},"loc":{"start":{"line":133,"column":63},"end":{"line":146,"column":null}}},"15":{"name":"(anonymous_23)","decl":{"start":{"line":133,"column":63},"end":{"line":133,"column":null}},"loc":{"start":{"line":133,"column":63},"end":{"line":146,"column":1}}},"16":{"name":"(anonymous_24)","decl":{"start":{"line":147,"column":29},"end":{"line":147,"column":35}},"loc":{"start":{"line":147,"column":64},"end":{"line":160,"column":null}}},"17":{"name":"(anonymous_25)","decl":{"start":{"line":147,"column":64},"end":{"line":147,"column":null}},"loc":{"start":{"line":147,"column":64},"end":{"line":160,"column":1}}},"18":{"name":"(anonymous_26)","decl":{"start":{"line":162,"column":28},"end":{"line":162,"column":34}},"loc":{"start":{"line":162,"column":62},"end":{"line":196,"column":null}}},"19":{"name":"(anonymous_27)","decl":{"start":{"line":162,"column":62},"end":{"line":162,"column":null}},"loc":{"start":{"line":162,"column":62},"end":{"line":196,"column":1}}},"20":{"name":"(anonymous_28)","decl":{"start":{"line":197,"column":26},"end":{"line":197,"column":32}},"loc":{"start":{"line":197,"column":60},"end":{"line":200,"column":null}}},"21":{"name":"(anonymous_29)","decl":{"start":{"line":197,"column":60},"end":{"line":197,"column":null}},"loc":{"start":{"line":197,"column":60},"end":{"line":200,"column":1}}},"22":{"name":"(anonymous_30)","decl":{"start":{"line":201,"column":29},"end":{"line":201,"column":35}},"loc":{"start":{"line":201,"column":63},"end":{"line":219,"column":null}}},"23":{"name":"(anonymous_31)","decl":{"start":{"line":201,"column":63},"end":{"line":201,"column":null}},"loc":{"start":{"line":201,"column":63},"end":{"line":219,"column":1}}}},"branchMap":{"0":{"loc":{"start":{"line":20,"column":17},"end":{"line":20,"column":41}},"type":"cond-expr","locations":[{"start":{"line":20,"column":25},"end":{"line":20,"column":27}},{"start":{"line":20,"column":25},"end":{"line":20,"column":41}}]},"1":{"loc":{"start":{"line":20,"column":17},"end":{"line":20,"column":27}},"type":"binary-expr","locations":[{"start":{"line":20,"column":17},"end":{"line":20,"column":27}},{"start":{"line":20,"column":25},"end":{"line":20,"column":27}}]},"2":{"loc":{"start":{"line":34,"column":8},"end":{"line":37,"column":9}},"type":"if","locations":[{"start":{"line":34,"column":8},"end":{"line":37,"column":9}}]},"3":{"loc":{"start":{"line":51,"column":8},"end":{"line":54,"column":9}},"type":"if","locations":[{"start":{"line":51,"column":8},"end":{"line":54,"column":9}}]},"4":{"loc":{"start":{"line":66,"column":6},"end":{"line":69,"column":7}},"type":"if","locations":[{"start":{"line":66,"column":6},"end":{"line":69,"column":7}}]},"5":{"loc":{"start":{"line":70,"column":6},"end":{"line":72,"column":7}},"type":"if","locations":[{"start":{"line":70,"column":6},"end":{"line":72,"column":7}}]},"6":{"loc":{"start":{"line":73,"column":6},"end":{"line":75,"column":7}},"type":"if","locations":[{"start":{"line":73,"column":6},"end":{"line":75,"column":7}}]},"7":{"loc":{"start":{"line":76,"column":6},"end":{"line":80,"column":7}},"type":"if","locations":[{"start":{"line":76,"column":6},"end":{"line":80,"column":7}}]},"8":{"loc":{"start":{"line":76,"column":10},"end":{"line":76,"column":24}},"type":"cond-expr","locations":[{"start":{"line":76,"column":18},"end":{"line":76,"column":20}},{"start":{"line":76,"column":18},"end":{"line":76,"column":24}}]},"9":{"loc":{"start":{"line":76,"column":10},"end":{"line":76,"column":20}},"type":"binary-expr","locations":[{"start":{"line":76,"column":10},"end":{"line":76,"column":20}},{"start":{"line":76,"column":18},"end":{"line":76,"column":20}}]},"10":{"loc":{"start":{"line":77,"column":23},"end":{"line":77,"column":47}},"type":"cond-expr","locations":[{"start":{"line":77,"column":31},"end":{"line":77,"column":33}},{"start":{"line":77,"column":31},"end":{"line":77,"column":47}}]},"11":{"loc":{"start":{"line":77,"column":23},"end":{"line":77,"column":33}},"type":"binary-expr","locations":[{"start":{"line":77,"column":23},"end":{"line":77,"column":33}},{"start":{"line":77,"column":31},"end":{"line":77,"column":33}}]},"12":{"loc":{"start":{"line":79,"column":23},"end":{"line":79,"column":41}},"type":"cond-expr","locations":[{"start":{"line":79,"column":29},"end":{"line":79,"column":31}},{"start":{"line":79,"column":23},"end":{"line":79,"column":41}}]},"13":{"loc":{"start":{"line":79,"column":23},"end":{"line":79,"column":31}},"type":"binary-expr","locations":[{"start":{"line":79,"column":23},"end":{"line":79,"column":31}},{"start":{"line":79,"column":23},"end":{"line":79,"column":31}}]},"14":{"loc":{"start":{"line":93,"column":8},"end":{"line":96,"column":9}},"type":"if","locations":[{"start":{"line":93,"column":8},"end":{"line":96,"column":9}}]},"15":{"loc":{"start":{"line":105,"column":4},"end":{"line":118,"column":3}},"type":"if","locations":[{"start":{"line":105,"column":4},"end":{"line":118,"column":3}},{"start":{"line":109,"column":8},"end":{"line":118,"column":3}}]},"16":{"loc":{"start":{"line":136,"column":4},"end":{"line":142,"column":5}},"type":"if","locations":[{"start":{"line":136,"column":4},"end":{"line":142,"column":5}},{"start":{"line":140,"column":8},"end":{"line":142,"column":5}}]},"17":{"loc":{"start":{"line":150,"column":4},"end":{"line":156,"column":5}},"type":"if","locations":[{"start":{"line":150,"column":4},"end":{"line":156,"column":5}},{"start":{"line":154,"column":8},"end":{"line":156,"column":5}}]},"18":{"loc":{"start":{"line":166,"column":1},"end":{"line":168,"column":2}},"type":"if","locations":[{"start":{"line":166,"column":1},"end":{"line":168,"column":2}}]},"19":{"loc":{"start":{"line":166,"column":4},"end":{"line":166,"column":31}},"type":"binary-expr","locations":[{"start":{"line":166,"column":4},"end":{"line":166,"column":9}},{"start":{"line":166,"column":13},"end":{"line":166,"column":19}},{"start":{"line":166,"column":23},"end":{"line":166,"column":31}}]},"20":{"loc":{"start":{"line":170,"column":2},"end":{"line":173,"column":1}},"type":"if","locations":[{"start":{"line":170,"column":2},"end":{"line":173,"column":1}}]},"21":{"loc":{"start":{"line":180,"column":2},"end":{"line":180,"column":33}},"type":"cond-expr","locations":[{"start":{"line":180,"column":6},"end":{"line":180,"column":8}},{"start":{"line":180,"column":2},"end":{"line":180,"column":33}}]},"22":{"loc":{"start":{"line":180,"column":2},"end":{"line":180,"column":8}},"type":"binary-expr","locations":[{"start":{"line":180,"column":2},"end":{"line":180,"column":8}},{"start":{"line":180,"column":2},"end":{"line":180,"column":8}}]},"23":{"loc":{"start":{"line":182,"column":2},"end":{"line":185,"column":3}},"type":"if","locations":[{"start":{"line":182,"column":2},"end":{"line":185,"column":3}}]},"24":{"loc":{"start":{"line":186,"column":8},"end":{"line":186,"column":20}},"type":"cond-expr","locations":[{"start":{"line":186,"column":12},"end":{"line":186,"column":14}},{"start":{"line":186,"column":8},"end":{"line":186,"column":20}}]},"25":{"loc":{"start":{"line":186,"column":8},"end":{"line":186,"column":14}},"type":"binary-expr","locations":[{"start":{"line":186,"column":8},"end":{"line":186,"column":14}},{"start":{"line":186,"column":8},"end":{"line":186,"column":14}}]},"26":{"loc":{"start":{"line":205,"column":2},"end":{"line":207,"column":3}},"type":"if","locations":[{"start":{"line":205,"column":2},"end":{"line":207,"column":3}}]},"27":{"loc":{"start":{"line":208,"column":2},"end":{"line":208,"column":33}},"type":"if","locations":[{"start":{"line":208,"column":2},"end":{"line":208,"column":33}}]},"28":{"loc":{"start":{"line":209,"column":2},"end":{"line":209,"column":30}},"type":"if","locations":[{"start":{"line":209,"column":2},"end":{"line":209,"column":30}}]},"29":{"loc":{"start":{"line":210,"column":2},"end":{"line":210,"column":40}},"type":"if","locations":[{"start":{"line":210,"column":2},"end":{"line":210,"column":40}}]}},"s":{"0":1,"1":1,"2":1,"3":1,"4":1,"5":1,"6":1,"7":1,"8":1,"9":0,"10":1,"11":1,"12":4,"13":4,"14":4,"15":4,"16":4,"17":4,"18":4,"19":3,"20":3,"21":1,"22":1,"23":0,"24":0,"25":1,"26":1,"27":1,"28":1,"29":1,"30":0,"31":0,"32":0,"33":0,"34":1,"35":1,"36":1,"37":1,"38":0,"39":0,"40":0,"41":0,"42":0,"43":0,"44":0,"45":0,"46":0,"47":0,"48":0,"49":0,"50":0,"51":0,"52":0,"53":0,"54":0,"55":0,"56":0,"57":1,"58":1,"59":0,"60":0,"61":0,"62":0,"63":0,"64":0,"65":0,"66":0,"67":1,"68":1,"69":0,"70":0,"71":0,"72":0,"73":0,"74":0,"75":0,"76":0,"77":0,"78":0,"79":1,"80":1,"81":1,"82":1,"83":1,"84":1,"85":0,"86":1,"87":1,"88":0,"89":0,"90":0,"91":0,"92":0,"93":0,"94":0,"95":0,"96":1,"97":1,"98":0,"99":0,"100":0,"101":0,"102":0,"103":0,"104":0,"105":0,"106":1,"107":1,"108":0,"109":0,"110":0,"111":0,"112":0,"113":0,"114":0,"115":0,"116":0,"117":0,"118":0,"119":0,"120":0,"121":0,"122":0,"123":0,"124":0,"125":0,"126":0,"127":1,"128":1,"129":0,"130":0,"131":1,"132":1,"133":0,"134":0,"135":0,"136":0,"137":0,"138":0,"139":0,"140":0,"141":0,"142":0,"143":0,"144":0,"145":0,"146":0,"147":0,"148":1},"f":{"0":1,"1":1,"2":4,"3":4,"4":1,"5":1,"6":0,"7":0,"8":0,"9":0,"10":0,"11":0,"12":1,"13":1,"14":0,"15":0,"16":0,"17":0,"18":0,"19":0,"20":0,"21":0,"22":0,"23":0},"b":{"0":[4,0],"1":[4,4],"2":[3],"3":[0],"4":[0],"5":[0],"6":[0],"7":[0],"8":[0,0],"9":[0,0],"10":[0,0],"11":[0,0],"12":[0,0],"13":[0,0],"14":[0],"15":[0,0],"16":[0,0],"17":[0,0],"18":[0],"19":[0,0,0],"20":[0],"21":[0,0],"22":[0,0],"23":[0],"24":[0,0],"25":[0,0],"26":[0],"27":[0],"28":[0],"29":[0]}}
,"D:\\Projects\\Andela\\Mybrand-BE\\src\\controller\\likeController.ts": {"path":"D:\\Projects\\Andela\\Mybrand-BE\\src\\controller\\likeController.ts","statementMap":{"0":{"start":{"line":4,"column":0},"end":{"line":4,"column":34}},"1":{"start":{"line":7,"column":22},"end":{"line":20,"column":2}},"2":{"start":{"line":7,"column":57},"end":{"line":20,"column":2}},"3":{"start":{"line":9,"column":18},"end":{"line":9,"column":31}},"4":{"start":{"line":10,"column":16},"end":{"line":10,"column":43}},"5":{"start":{"line":11,"column":4},"end":{"line":13,"column":5}},"6":{"start":{"line":12,"column":8},"end":{"line":12,"column":57}},"7":{"start":{"line":14,"column":4},"end":{"line":16,"column":5}},"8":{"start":{"line":15,"column":8},"end":{"line":15,"column":22}},"9":{"start":{"line":17,"column":4},"end":{"line":17,"column":23}},"10":{"start":{"line":18,"column":4},"end":{"line":18,"column":38}},"11":{"start":{"line":7,"column":13},"end":{"line":7,"column":22}},"12":{"start":{"line":21,"column":23},"end":{"line":24,"column":null}},"13":{"start":{"line":21,"column":58},"end":{"line":24,"column":null}},"14":{"start":{"line":22,"column":16},"end":{"line":22,"column":55}},"15":{"start":{"line":23,"column":4},"end":{"line":23,"column":34}},"16":{"start":{"line":21,"column":13},"end":{"line":21,"column":23}},"17":{"start":{"line":25,"column":25},"end":{"line":41,"column":null}},"18":{"start":{"line":25,"column":61},"end":{"line":41,"column":null}},"19":{"start":{"line":26,"column":4},"end":{"line":38,"column":5}},"20":{"start":{"line":27,"column":22},"end":{"line":27,"column":35}},"21":{"start":{"line":28,"column":20},"end":{"line":28,"column":47}},"22":{"start":{"line":29,"column":8},"end":{"line":33,"column":9}},"23":{"start":{"line":30,"column":12},"end":{"line":30,"column":25}},"24":{"start":{"line":31,"column":12},"end":{"line":31,"column":24}},"25":{"start":{"line":32,"column":12},"end":{"line":32,"column":48}},"26":{"start":{"line":37,"column":8},"end":{"line":37,"column":53}},"27":{"start":{"line":25,"column":13},"end":{"line":25,"column":25}}},"fnMap":{"0":{"name":"(anonymous_8)","decl":{"start":{"line":7,"column":22},"end":{"line":7,"column":28}},"loc":{"start":{"line":7,"column":57},"end":{"line":20,"column":2}}},"1":{"name":"(anonymous_9)","decl":{"start":{"line":7,"column":57},"end":{"line":7,"column":null}},"loc":{"start":{"line":7,"column":57},"end":{"line":20,"column":1}}},"2":{"name":"(anonymous_10)","decl":{"start":{"line":21,"column":23},"end":{"line":21,"column":29}},"loc":{"start":{"line":21,"column":58},"end":{"line":24,"column":null}}},"3":{"name":"(anonymous_11)","decl":{"start":{"line":21,"column":58},"end":{"line":21,"column":null}},"loc":{"start":{"line":21,"column":58},"end":{"line":24,"column":1}}},"4":{"name":"(anonymous_12)","decl":{"start":{"line":25,"column":25},"end":{"line":25,"column":31}},"loc":{"start":{"line":25,"column":61},"end":{"line":41,"column":null}}},"5":{"name":"(anonymous_13)","decl":{"start":{"line":25,"column":61},"end":{"line":25,"column":null}},"loc":{"start":{"line":25,"column":61},"end":{"line":41,"column":1}}}},"branchMap":{"0":{"loc":{"start":{"line":11,"column":4},"end":{"line":13,"column":5}},"type":"if","locations":[{"start":{"line":11,"column":4},"end":{"line":13,"column":5}}]},"1":{"loc":{"start":{"line":14,"column":4},"end":{"line":16,"column":5}},"type":"if","locations":[{"start":{"line":14,"column":4},"end":{"line":16,"column":5}}]},"2":{"loc":{"start":{"line":17,"column":10},"end":{"line":17,"column":22}},"type":"cond-expr","locations":[{"start":{"line":17,"column":14},"end":{"line":17,"column":16}},{"start":{"line":17,"column":10},"end":{"line":17,"column":22}}]},"3":{"loc":{"start":{"line":17,"column":10},"end":{"line":17,"column":16}},"type":"binary-expr","locations":[{"start":{"line":17,"column":10},"end":{"line":17,"column":16}},{"start":{"line":17,"column":10},"end":{"line":17,"column":16}}]},"4":{"loc":{"start":{"line":23,"column":20},"end":{"line":23,"column":31}},"type":"cond-expr","locations":[{"start":{"line":23,"column":24},"end":{"line":23,"column":26}},{"start":{"line":23,"column":20},"end":{"line":23,"column":31}}]},"5":{"loc":{"start":{"line":23,"column":20},"end":{"line":23,"column":26}},"type":"binary-expr","locations":[{"start":{"line":23,"column":20},"end":{"line":23,"column":26}},{"start":{"line":23,"column":20},"end":{"line":23,"column":26}}]},"6":{"loc":{"start":{"line":29,"column":8},"end":{"line":33,"column":9}},"type":"if","locations":[{"start":{"line":29,"column":8},"end":{"line":33,"column":9}}]}},"s":{"0":1,"1":1,"2":1,"3":1,"4":1,"5":1,"6":0,"7":1,"8":1,"9":1,"10":1,"11":1,"12":1,"13":1,"14":1,"15":1,"16":1,"17":1,"18":0,"19":0,"20":0,"21":0,"22":0,"23":0,"24":0,"25":0,"26":0,"27":1},"f":{"0":1,"1":1,"2":1,"3":1,"4":0,"5":0},"b":{"0":[0],"1":[1],"2":[0,1],"3":[1,1],"4":[0,1],"5":[1,1],"6":[0]}}
,"D:\\Projects\\Andela\\Mybrand-BE\\src\\controller\\queriesController.ts": {"path":"D:\\Projects\\Andela\\Mybrand-BE\\src\\controller\\queriesController.ts","statementMap":{"0":{"start":{"line":2,"column":0},"end":{"line":2,"column":40}},"1":{"start":{"line":3,"column":0},"end":{"line":3,"column":54}},"2":{"start":{"line":4,"column":26},"end":{"line":11,"column":2}},"3":{"start":{"line":4,"column":64},"end":{"line":11,"column":2}},"4":{"start":{"line":5,"column":4},"end":{"line":10,"column":7}},"5":{"start":{"line":6,"column":24},"end":{"line":6,"column":44}},"6":{"start":{"line":7,"column":8},"end":{"line":7,"column":26}},"7":{"start":{"line":9,"column":8},"end":{"line":9,"column":56}},"8":{"start":{"line":4,"column":13},"end":{"line":4,"column":26}},"9":{"start":{"line":13,"column":27},"end":{"line":31,"column":2}},"10":{"start":{"line":13,"column":65},"end":{"line":31,"column":2}},"11":{"start":{"line":14,"column":29},"end":{"line":14,"column":37}},"12":{"start":{"line":15,"column":4},"end":{"line":30,"column":7}},"13":{"start":{"line":16,"column":25},"end":{"line":20,"column":10}},"14":{"start":{"line":21,"column":22},"end":{"line":21,"column":47}},"15":{"start":{"line":22,"column":8},"end":{"line":25,"column":9}},"16":{"start":{"line":23,"column":10},"end":{"line":23,"column":56}},"17":{"start":{"line":24,"column":10},"end":{"line":24,"column":29}},"18":{"start":{"line":26,"column":8},"end":{"line":26,"column":30}},"19":{"start":{"line":27,"column":8},"end":{"line":27,"column":27}},"20":{"start":{"line":29,"column":8},"end":{"line":29,"column":59}},"21":{"start":{"line":13,"column":13},"end":{"line":13,"column":27}},"22":{"start":{"line":33,"column":28},"end":{"line":45,"column":2}},"23":{"start":{"line":33,"column":66},"end":{"line":45,"column":2}},"24":{"start":{"line":34,"column":4},"end":{"line":44,"column":7}},"25":{"start":{"line":35,"column":19},"end":{"line":35,"column":64}},"26":{"start":{"line":37,"column":8},"end":{"line":40,"column":9}},"27":{"start":{"line":38,"column":10},"end":{"line":38,"column":61}},"28":{"start":{"line":39,"column":10},"end":{"line":39,"column":17}},"29":{"start":{"line":41,"column":8},"end":{"line":41,"column":23}},"30":{"start":{"line":43,"column":8},"end":{"line":43,"column":56}},"31":{"start":{"line":33,"column":13},"end":{"line":33,"column":28}},"32":{"start":{"line":71,"column":27},"end":{"line":82,"column":2}},"33":{"start":{"line":71,"column":65},"end":{"line":82,"column":2}},"34":{"start":{"line":72,"column":4},"end":{"line":81,"column":7}},"35":{"start":{"line":73,"column":29},"end":{"line":73,"column":76}},"36":{"start":{"line":74,"column":8},"end":{"line":77,"column":9}},"37":{"start":{"line":75,"column":10},"end":{"line":75,"column":60}},"38":{"start":{"line":76,"column":10},"end":{"line":76,"column":17}},"39":{"start":{"line":78,"column":8},"end":{"line":78,"column":63}},"40":{"start":{"line":80,"column":8},"end":{"line":80,"column":56}},"41":{"start":{"line":71,"column":13},"end":{"line":71,"column":27}}},"fnMap":{"0":{"name":"(anonymous_8)","decl":{"start":{"line":4,"column":26},"end":{"line":4,"column":33}},"loc":{"start":{"line":4,"column":64},"end":{"line":11,"column":2}}},"1":{"name":"(anonymous_9)","decl":{"start":{"line":4,"column":64},"end":{"line":4,"column":null}},"loc":{"start":{"line":4,"column":64},"end":{"line":11,"column":1}}},"2":{"name":"(anonymous_10)","decl":{"start":{"line":13,"column":27},"end":{"line":13,"column":34}},"loc":{"start":{"line":13,"column":65},"end":{"line":31,"column":2}}},"3":{"name":"(anonymous_11)","decl":{"start":{"line":13,"column":65},"end":{"line":13,"column":null}},"loc":{"start":{"line":13,"column":65},"end":{"line":31,"column":1}}},"4":{"name":"(anonymous_12)","decl":{"start":{"line":33,"column":28},"end":{"line":33,"column":35}},"loc":{"start":{"line":33,"column":66},"end":{"line":45,"column":2}}},"5":{"name":"(anonymous_13)","decl":{"start":{"line":33,"column":66},"end":{"line":33,"column":null}},"loc":{"start":{"line":33,"column":66},"end":{"line":45,"column":1}}},"6":{"name":"(anonymous_14)","decl":{"start":{"line":71,"column":27},"end":{"line":71,"column":34}},"loc":{"start":{"line":71,"column":65},"end":{"line":82,"column":2}}},"7":{"name":"(anonymous_15)","decl":{"start":{"line":71,"column":65},"end":{"line":71,"column":null}},"loc":{"start":{"line":71,"column":65},"end":{"line":82,"column":1}}}},"branchMap":{"0":{"loc":{"start":{"line":22,"column":8},"end":{"line":25,"column":9}},"type":"if","locations":[{"start":{"line":22,"column":8},"end":{"line":25,"column":9}}]},"1":{"loc":{"start":{"line":37,"column":8},"end":{"line":40,"column":9}},"type":"if","locations":[{"start":{"line":37,"column":8},"end":{"line":40,"column":9}}]},"2":{"loc":{"start":{"line":74,"column":8},"end":{"line":77,"column":9}},"type":"if","locations":[{"start":{"line":74,"column":8},"end":{"line":77,"column":9}}]}},"s":{"0":1,"1":1,"2":1,"3":1,"4":1,"5":1,"6":1,"7":0,"8":1,"9":1,"10":0,"11":0,"12":0,"13":0,"14":0,"15":0,"16":0,"17":0,"18":0,"19":0,"20":0,"21":1,"22":1,"23":1,"24":1,"25":1,"26":0,"27":0,"28":0,"29":0,"30":1,"31":1,"32":1,"33":0,"34":0,"35":0,"36":0,"37":0,"38":0,"39":0,"40":0,"41":1},"f":{"0":1,"1":1,"2":0,"3":0,"4":1,"5":1,"6":0,"7":0},"b":{"0":[0],"1":[0],"2":[0]}}
,"D:\\Projects\\Andela\\Mybrand-BE\\src\\models\\Blog.ts": {"path":"D:\\Projects\\Andela\\Mybrand-BE\\src\\models\\Blog.ts","statementMap":{"0":{"start":{"line":1,"column":0},"end":{"line":1,"column":41}},"1":{"start":{"line":3,"column":0},"end":{"line":3,"column":42}},"2":{"start":{"line":5,"column":14},"end":{"line":11,"column":2}},"3":{"start":{"line":12,"column":11},"end":{"line":12,"column":40}},"4":{"start":{"line":13,"column":0},"end":{"line":13,"column":20}}},"fnMap":{},"branchMap":{},"s":{"0":1,"1":1,"2":1,"3":1,"4":1},"f":{},"b":{}}
,"D:\\Projects\\Andela\\Mybrand-BE\\src\\models\\Comment.ts": {"path":"D:\\Projects\\Andela\\Mybrand-BE\\src\\models\\Comment.ts","statementMap":{"0":{"start":{"line":1,"column":0},"end":{"line":1,"column":48}},"1":{"start":{"line":4,"column":13},"end":{"line":9,"column":3}},"2":{"start":{"line":10,"column":14},"end":{"line":10,"column":44}},"3":{"start":{"line":11,"column":0},"end":{"line":11,"column":23}}},"fnMap":{},"branchMap":{},"s":{"0":1,"1":1,"2":1,"3":1},"f":{},"b":{}}
,"D:\\Projects\\Andela\\Mybrand-BE\\src\\models\\Queries.ts": {"path":"D:\\Projects\\Andela\\Mybrand-BE\\src\\models\\Queries.ts","statementMap":{"0":{"start":{"line":1,"column":0},"end":{"line":1,"column":48}},"1":{"start":{"line":3,"column":19},"end":{"line":8,"column":2}},"2":{"start":{"line":9,"column":0},"end":{"line":9,"column":42}}},"fnMap":{},"branchMap":{},"s":{"0":1,"1":1,"2":1},"f":{},"b":{}}
,"D:\\Projects\\Andela\\Mybrand-BE\\src\\models\\User.ts": {"path":"D:\\Projects\\Andela\\Mybrand-BE\\src\\models\\User.ts","statementMap":{"0":{"start":{"line":1,"column":0},"end":{"line":1,"column":42}},"1":{"start":{"line":7,"column":18},"end":{"line":11,"column":2}},"2":{"start":{"line":13,"column":0},"end":{"line":13,"column":49}}},"fnMap":{},"branchMap":{},"s":{"0":1,"1":1,"2":1},"f":{},"b":{}}
,"D:\\Projects\\Andela\\Mybrand-BE\\src\\utils\\cloudinary.ts": {"path":"D:\\Projects\\Andela\\Mybrand-BE\\src\\utils\\cloudinary.ts","statementMap":{"0":{"start":{"line":1,"column":0},"end":{"line":1,"column":46}},"1":{"start":{"line":2,"column":0},"end":{"line":2,"column":28}},"2":{"start":{"line":4,"column":0},"end":{"line":4,"column":16}},"3":{"start":{"line":6,"column":0},"end":{"line":10,"column":3}},"4":{"start":{"line":12,"column":0},"end":{"line":12,"column":26}}},"fnMap":{},"branchMap":{"0":{"loc":{"start":{"line":7,"column":14},"end":{"line":7,"column":62}},"type":"binary-expr","locations":[{"start":{"line":7,"column":14},"end":{"line":7,"column":47}},{"start":{"line":7,"column":51},"end":{"line":7,"column":62}}]},"1":{"loc":{"start":{"line":8,"column":11},"end":{"line":8,"column":62}},"type":"binary-expr","locations":[{"start":{"line":8,"column":11},"end":{"line":8,"column":41}},{"start":{"line":8,"column":45},"end":{"line":8,"column":62}}]},"2":{"loc":{"start":{"line":9,"column":14},"end":{"line":9,"column":80}},"type":"binary-expr","locations":[{"start":{"line":9,"column":14},"end":{"line":9,"column":47}},{"start":{"line":9,"column":51},"end":{"line":9,"column":80}}]}},"s":{"0":1,"1":1,"2":1,"3":1,"4":1},"f":{},"b":{"0":[1,0],"1":[1,0],"2":[1,1]}}
,"D:\\Projects\\Andela\\Mybrand-BE\\src\\utils\\validation.ts": {"path":"D:\\Projects\\Andela\\Mybrand-BE\\src\\utils\\validation.ts","statementMap":{"0":{"start":{"line":1,"column":0},"end":{"line":1,"column":22}},"1":{"start":{"line":4,"column":30},"end":{"line":10,"column":1}},"2":{"start":{"line":5,"column":20},"end":{"line":8,"column":6}},"3":{"start":{"line":9,"column":4},"end":{"line":9,"column":34}},"4":{"start":{"line":4,"column":13},"end":{"line":4,"column":30}},"5":{"start":{"line":12,"column":28},"end":{"line":19,"column":1}},"6":{"start":{"line":13,"column":22},"end":{"line":17,"column":6}},"7":{"start":{"line":18,"column":4},"end":{"line":18,"column":37}},"8":{"start":{"line":12,"column":13},"end":{"line":12,"column":28}},"9":{"start":{"line":21,"column":31},"end":{"line":28,"column":1}},"10":{"start":{"line":22,"column":25},"end":{"line":26,"column":6}},"11":{"start":{"line":27,"column":4},"end":{"line":27,"column":43}},"12":{"start":{"line":21,"column":13},"end":{"line":21,"column":31}},"13":{"start":{"line":30,"column":29},"end":{"line":37,"column":1}},"14":{"start":{"line":31,"column":25},"end":{"line":35,"column":6}},"15":{"start":{"line":36,"column":4},"end":{"line":36,"column":41}},"16":{"start":{"line":30,"column":13},"end":{"line":30,"column":29}},"17":{"start":{"line":39,"column":13},"end":{"line":43,"column":null}}},"fnMap":{"0":{"name":"(anonymous_1)","decl":{"start":{"line":4,"column":30},"end":{"line":4,"column":31}},"loc":{"start":{"line":4,"column":71},"end":{"line":10,"column":1}}},"1":{"name":"(anonymous_2)","decl":{"start":{"line":12,"column":28},"end":{"line":12,"column":29}},"loc":{"start":{"line":12,"column":80},"end":{"line":19,"column":1}}},"2":{"name":"(anonymous_3)","decl":{"start":{"line":21,"column":31},"end":{"line":21,"column":32}},"loc":{"start":{"line":21,"column":86},"end":{"line":28,"column":1}}},"3":{"name":"(anonymous_4)","decl":{"start":{"line":30,"column":29},"end":{"line":30,"column":30}},"loc":{"start":{"line":30,"column":80},"end":{"line":37,"column":1}}}},"branchMap":{},"s":{"0":1,"1":1,"2":0,"3":0,"4":1,"5":1,"6":4,"7":4,"8":1,"9":1,"10":0,"11":0,"12":1,"13":1,"14":0,"15":0,"16":1,"17":1},"f":{"0":0,"1":4,"2":0,"3":0},"b":{}}
}
